[debug] > Exec(early(addDefaultCommands), None, None)
[debug] > Exec(addDefaultCommands, None, None)
[debug] > Exec(early(initialize), None, None)
[debug] > Exec(initialize, None, None)
[debug] > Exec(boot, None, None)
[debug] > Exec(writeSbtVersion, None, None)
[info] Updated file F:\NLP\lab2_22001661_VuongSyViet\project\build.properties: set sbt.version to 1.11.6
[debug] > Exec(reload, None, None)
[debug] > Exec(sbtStashOnFailure, None, None)
[debug] > Exec(onFailure loadFailed, None, None)
[debug] > Exec(loadp, None, None)
[info] welcome to sbt 1.11.6 (Oracle Corporation Java 19.0.1)
[debug] Load.defaultLoad until apply took 126.0912ms
[debug]           Load.loadUnit: plugins took 140.9431ms
[debug]           Load.loadUnit: defsScala took 0.507ms
[debug] [Loading] Scanning directory F:\NLP\lab2_22001661_VuongSyViet\project
[debug] [Loading] Found non-root projects 
[debug] [Loading] Done in F:\NLP\lab2_22001661_VuongSyViet\project, returning: ()
[debug] deducing auto plugins based on known facts Set(Atom(sbt.plugins.CorePlugin)) and clauses Clauses(Clause(Atom(sbt.plugins.JvmPlugin),Set(Atom(sbt.plugins.IvyPlugin)))
[debug] Clause(Atom(sbt.ScriptedPlugin),Set(Atom(sbt.plugins.JvmPlugin)))
[debug] Clause(Atom(sbt.plugins.SbtPlugin),Set(Atom(sbt.ScriptedPlugin)))
[debug] Clause(Atom(sbt.plugins.SemanticdbPlugin),Set(Atom(sbt.plugins.JvmPlugin)))
[debug] Clause(Atom(sbt.plugins.JUnitXmlReportPlugin),Set(Atom(sbt.plugins.JvmPlugin)))
[debug] Clause(Atom(sbt.plugins.MiniDependencyTreePlugin),Set(Atom(sbt.plugins.JvmPlugin)))
[debug] Clause(Atom(sbt.plugins.CorePlugin),Set(Atom(sbt.plugins.IvyPlugin)))
[debug] Clause(Atom(sbt.plugins.IvyPlugin),Set(Atom(sbt.plugins.JvmPlugin)))
[debug] Clause(Atom(sbt.plugins.JvmPlugin),Set(Atom(sbt.plugins.SemanticdbPlugin)))
[debug] Clause(Atom(sbt.plugins.JvmPlugin),Set(Atom(sbt.plugins.JUnitXmlReportPlugin)))
[debug] Clause(Atom(sbt.plugins.CorePlugin),Set(Atom(sbt.plugins.Giter8TemplatePlugin)))
[debug] Clause(Atom(sbt.plugins.JvmPlugin),Set(Atom(sbt.plugins.MiniDependencyTreePlugin))))
[debug]   :: deduced result: Matched(sbt.plugins.CorePlugin,sbt.plugins.Giter8TemplatePlugin,sbt.plugins.IvyPlugin,sbt.plugins.JvmPlugin,sbt.plugins.MiniDependencyTreePlugin,sbt.plugins.JUnitXmlReportPlugin,sbt.plugins.SemanticdbPlugin)
[debug] Plugins.deducer#function took 13.7058 ms
[debug]               Load.resolveProject(lab2_22001661_vuongsyviet-build) took 47.4813ms
[debug]             Load.loadTransitive: finalizeProject(Project(id lab2_22001661_vuongsyviet-build, base: F:\NLP\lab2_22001661_VuongSyViet\project, plugins: List(<none>))) took 86.7443ms
[debug] [Loading] Done in F:\NLP\lab2_22001661_VuongSyViet\project, returning: (lab2_22001661_vuongsyviet-build)
[debug]           Load.loadUnit: loadedProjectsRaw took 113.7508ms
[debug]           Load.loadUnit: cleanEvalClasses took 0.2092ms
[debug]         Load.loadUnit(file:/F:/NLP/lab2_22001661_VuongSyViet/project/, ...) took 264.1813ms
[debug]       Load.apply: load took 444.3993ms
[debug]       Load.apply: resolveProjects took 10.9336ms
[debug]       Load.apply: finalTransforms took 73.7426ms
[debug]       Load.apply: config.delegates took 9.8737ms
[debug]       Load.apply: Def.make(settings)... took 405.131ms
[debug]       Load.apply: structureIndex took 75.2096ms
[debug]       Load.apply: mkStreams took 2.0036ms
[info] loading project definition from F:\NLP\lab2_22001661_VuongSyViet\project
[debug] Running task... Cancel: Signal, check cycles: false, forcegc: true
[debug]     Load.loadUnit: plugins took 3353.1518ms
[debug]     Load.loadUnit: defsScala took 0.0022ms
[debug] [Loading] Scanning directory F:\NLP\lab2_22001661_VuongSyViet
[debug]       Load.loadUnit: mkEval took 4.3914ms
